
## ---------------------- ##
## Running config.status. ##
## ---------------------- ##

This file was extended by libccp4 config.status 7.0.0, which was
generated by GNU Autoconf 2.69.  Invocation command line was

  CONFIG_FILES    = 
  CONFIG_HEADERS  = 
  CONFIG_LINKS    = 
  CONFIG_COMMANDS = 
  $ extern/libccp4/config.status 

on Mysak.local

config.status:1194: error: cannot find input file: `Makefile.in'

## ---------------------- ##
## Running config.status. ##
## ---------------------- ##

This file was extended by mmdb2 config.status 2.0.12, which was
generated by GNU Autoconf 2.69.  Invocation command line was

  CONFIG_FILES    = 
  CONFIG_HEADERS  = 
  CONFIG_LINKS    = 
  CONFIG_COMMANDS = 
  $ extern/mmdb2/config.status 

on Mysak.local

config.status:1134: error: cannot find input file: `Makefile.in'
